Started GET "/" for ::1 at 2022-01-12 11:03:33 +0900
  [1m[35m (3.7ms)[0m  [1m[34mSELECT "schema_migrations"."version" FROM "schema_migrations" ORDER BY "schema_migrations"."version" ASC[0m
Processing by TasksController#index as HTML
  [1m[36mUser Load (1.0ms)[0m  [1m[34mSELECT "users".* FROM "users" WHERE "users"."id" = $1 LIMIT $2[0m  [["id", 7], ["LIMIT", 1]]
  ↳ app/helpers/sessions_helper.rb:3:in `current_user'
  Rendering tasks/index.html.erb within layouts/application
  [1m[36mTask Load (1.2ms)[0m  [1m[34mSELECT "tasks".* FROM "tasks" ORDER BY "tasks"."condition" DESC LIMIT $1 OFFSET $2[0m  [["LIMIT", 7], ["OFFSET", 0]]
  ↳ app/views/tasks/index.html.erb:30
  [1m[36mCACHE User Load (0.0ms)[0m  [1m[34mSELECT "users".* FROM "users" WHERE "users"."id" = $1 LIMIT $2[0m  [["id", 7], ["LIMIT", 1]]
  ↳ app/views/tasks/index.html.erb:37
  [1m[36mUser Load (0.3ms)[0m  [1m[34mSELECT "users".* FROM "users" WHERE "users"."id" = $1 LIMIT $2[0m  [["id", 1], ["LIMIT", 1]]
  ↳ app/views/tasks/index.html.erb:37
  [1m[36mCACHE User Load (0.0ms)[0m  [1m[34mSELECT "users".* FROM "users" WHERE "users"."id" = $1 LIMIT $2[0m  [["id", 1], ["LIMIT", 1]]
  ↳ app/views/tasks/index.html.erb:37
  [1m[36mUser Load (0.5ms)[0m  [1m[34mSELECT "users".* FROM "users" WHERE "users"."id" = $1 LIMIT $2[0m  [["id", 3], ["LIMIT", 1]]
  ↳ app/views/tasks/index.html.erb:37
  [1m[36mCACHE User Load (0.0ms)[0m  [1m[34mSELECT "users".* FROM "users" WHERE "users"."id" = $1 LIMIT $2[0m  [["id", 3], ["LIMIT", 1]]
  ↳ app/views/tasks/index.html.erb:37
  [1m[36mUser Load (0.4ms)[0m  [1m[34mSELECT "users".* FROM "users" WHERE "users"."id" = $1 LIMIT $2[0m  [["id", 5], ["LIMIT", 1]]
  ↳ app/views/tasks/index.html.erb:37
  [1m[35m (0.6ms)[0m  [1m[34mSELECT COUNT(*) FROM "tasks"[0m
  ↳ app/views/tasks/index.html.erb:46
  Rendered tasks/index.html.erb within layouts/application (Duration: 163.4ms | Allocations: 82254)
[Webpacker] Compiling...
Started GET "/" for ::1 at 2022-01-12 11:03:39 +0900
Processing by TasksController#index as HTML
  [1m[36mUser Load (0.8ms)[0m  [1m[34mSELECT "users".* FROM "users" WHERE "users"."id" = $1 LIMIT $2[0m  [["id", 7], ["LIMIT", 1]]
  ↳ app/helpers/sessions_helper.rb:3:in `current_user'
  Rendering tasks/index.html.erb within layouts/application
  [1m[36mTask Load (0.8ms)[0m  [1m[34mSELECT "tasks".* FROM "tasks" ORDER BY "tasks"."condition" DESC LIMIT $1 OFFSET $2[0m  [["LIMIT", 7], ["OFFSET", 0]]
  ↳ app/views/tasks/index.html.erb:30
  [1m[36mCACHE User Load (0.0ms)[0m  [1m[34mSELECT "users".* FROM "users" WHERE "users"."id" = $1 LIMIT $2[0m  [["id", 7], ["LIMIT", 1]]
  ↳ app/views/tasks/index.html.erb:37
  [1m[36mUser Load (0.4ms)[0m  [1m[34mSELECT "users".* FROM "users" WHERE "users"."id" = $1 LIMIT $2[0m  [["id", 1], ["LIMIT", 1]]
  ↳ app/views/tasks/index.html.erb:37
  [1m[36mCACHE User Load (0.0ms)[0m  [1m[34mSELECT "users".* FROM "users" WHERE "users"."id" = $1 LIMIT $2[0m  [["id", 1], ["LIMIT", 1]]
  ↳ app/views/tasks/index.html.erb:37
  [1m[36mUser Load (0.5ms)[0m  [1m[34mSELECT "users".* FROM "users" WHERE "users"."id" = $1 LIMIT $2[0m  [["id", 3], ["LIMIT", 1]]
  ↳ app/views/tasks/index.html.erb:37
  [1m[36mCACHE User Load (0.0ms)[0m  [1m[34mSELECT "users".* FROM "users" WHERE "users"."id" = $1 LIMIT $2[0m  [["id", 3], ["LIMIT", 1]]
  ↳ app/views/tasks/index.html.erb:37
  [1m[36mUser Load (0.4ms)[0m  [1m[34mSELECT "users".* FROM "users" WHERE "users"."id" = $1 LIMIT $2[0m  [["id", 5], ["LIMIT", 1]]
  ↳ app/views/tasks/index.html.erb:37
  [1m[35m (1.2ms)[0m  [1m[34mSELECT COUNT(*) FROM "tasks"[0m
  ↳ app/views/tasks/index.html.erb:46
  Rendered tasks/index.html.erb within layouts/application (Duration: 25.9ms | Allocations: 12094)
[Webpacker] Compiling...
[Webpacker] Compilation failed:
Hash: b1be03910a844a4ca4a7
Version: webpack 4.46.0
Time: 4125ms
Built at: 2022/01/12 11:03:40
                                     Asset       Size       Chunks                         Chunk Names
    js/application-351ebd7fd1faa9f40b34.js   1.43 MiB  application  [emitted] [immutable]  application
js/application-351ebd7fd1faa9f40b34.js.map   1.48 MiB  application  [emitted] [dev]        application
                             manifest.json  364 bytes               [emitted]              
Entrypoint application = js/application-351ebd7fd1faa9f40b34.js js/application-351ebd7fd1faa9f40b34.js.map
[./app/javascript/channels sync recursive _channel\.js$] ./app/javascript/channels sync _channel\.js$ 160 bytes {application} [built]
[./app/javascript/channels/index.js] 211 bytes {application} [built]
[./app/javascript/packs/application.js] 858 bytes {application} [built]
[./app/javascript/stylesheets/application.scss] 664 bytes {application} [built]
[./app/javascript/stylesheets/bootstrap_overrides.scss] 672 bytes {application} [built]
[./node_modules/css-loader/dist/cjs.js?!./node_modules/postcss-loader/src/index.js?!./node_modules/sass-loader/dist/cjs.js?!./app/javascript/stylesheets/application.scss] ./node_modules/css-loader/dist/cjs.js??ref--7-1!./node_modules/postcss-loader/src??ref--7-2!./node_modules/sass-loader/dist/cjs.js??ref--7-3!./app/javascript/stylesheets/application.scss 744 KiB {application} [built]
[./node_modules/css-loader/dist/cjs.js?!./node_modules/postcss-loader/src/index.js?!./node_modules/sass-loader/dist/cjs.js?!./app/javascript/stylesheets/bootstrap_overrides.scss] ./node_modules/css-loader/dist/cjs.js??ref--7-1!./node_modules/postcss-loader/src??ref--7-2!./node_modules/sass-loader/dist/cjs.js??ref--7-3!./app/javascript/stylesheets/bootstrap_overrides.scss 323 bytes {application} [built]
[./node_modules/webpack/buildin/module.js] (webpack)/buildin/module.js 552 bytes {application} [built]
    + 113 hidden modules

ERROR in ./node_modules/bootstrap/dist/js/bootstrap.esm.js
Module not found: Error: Can't resolve '@popperjs/core' in '/Users/nomurakouji/DIC/exam/everyleaf_exam/node_modules/bootstrap/dist/js'
 @ ./node_modules/bootstrap/dist/js/bootstrap.esm.js 60:0-41 2356:17-23 2375:21-40 4029:15-21 4164:23-42
 @ ./app/javascript/packs/application.js


Though the "loose" option was set to "false" in your @babel/preset-env config, it will not be used for @babel/plugin-proposal-private-property-in-object since the "loose" mode option was set to "true" for @babel/plugin-proposal-class-properties.
The "loose" option must be the same for @babel/plugin-proposal-class-properties, @babel/plugin-proposal-private-methods and @babel/plugin-proposal-private-property-in-object (when they are enabled): you can silence this warning by explicitly adding
	["@babel/plugin-proposal-private-property-in-object", { "loose": true }]
to the "plugins" section of your Babel config.
Though the "loose" option was set to "false" in your @babel/preset-env config, it will not be used for @babel/plugin-proposal-private-methods since the "loose" mode option was set to "true" for @babel/plugin-proposal-private-property-in-object.
The "loose" option must be the same for @babel/plugin-proposal-class-properties, @babel/plugin-proposal-private-methods and @babel/plugin-proposal-private-property-in-object (when they are enabled): you can silence this warning by explicitly adding
	["@babel/plugin-proposal-private-methods", { "loose": true }]
to the "plugins" section of your Babel config.

Completed 200 OK in 6458ms (Views: 6402.2ms | ActiveRecord: 17.6ms | Allocations: 127643)


[Webpacker] Compilation failed:
Hash: b1be03910a844a4ca4a7
Version: webpack 4.46.0
Time: 3405ms
Built at: 2022/01/12 11:03:44
                                     Asset       Size       Chunks                         Chunk Names
    js/application-351ebd7fd1faa9f40b34.js   1.43 MiB  application  [emitted] [immutable]  application
js/application-351ebd7fd1faa9f40b34.js.map   1.48 MiB  application  [emitted] [dev]        application
                             manifest.json  364 bytes               [emitted]              
Entrypoint application = js/application-351ebd7fd1faa9f40b34.js js/application-351ebd7fd1faa9f40b34.js.map
[./app/javascript/channels sync recursive _channel\.js$] ./app/javascript/channels sync _channel\.js$ 160 bytes {application} [built]
[./app/javascript/channels/index.js] 211 bytes {application} [built]
[./app/javascript/packs/application.js] 858 bytes {application} [built]
[./app/javascript/stylesheets/application.scss] 664 bytes {application} [built]
[./app/javascript/stylesheets/bootstrap_overrides.scss] 672 bytes {application} [built]
[./node_modules/css-loader/dist/cjs.js?!./node_modules/postcss-loader/src/index.js?!./node_modules/sass-loader/dist/cjs.js?!./app/javascript/stylesheets/application.scss] ./node_modules/css-loader/dist/cjs.js??ref--7-1!./node_modules/postcss-loader/src??ref--7-2!./node_modules/sass-loader/dist/cjs.js??ref--7-3!./app/javascript/stylesheets/application.scss 744 KiB {application} [built]
[./node_modules/css-loader/dist/cjs.js?!./node_modules/postcss-loader/src/index.js?!./node_modules/sass-loader/dist/cjs.js?!./app/javascript/stylesheets/bootstrap_overrides.scss] ./node_modules/css-loader/dist/cjs.js??ref--7-1!./node_modules/postcss-loader/src??ref--7-2!./node_modules/sass-loader/dist/cjs.js??ref--7-3!./app/javascript/stylesheets/bootstrap_overrides.scss 323 bytes {application} [built]
[./node_modules/webpack/buildin/module.js] (webpack)/buildin/module.js 552 bytes {application} [built]
    + 113 hidden modules

ERROR in ./node_modules/bootstrap/dist/js/bootstrap.esm.js
Module not found: Error: Can't resolve '@popperjs/core' in '/Users/nomurakouji/DIC/exam/everyleaf_exam/node_modules/bootstrap/dist/js'
 @ ./node_modules/bootstrap/dist/js/bootstrap.esm.js 60:0-41 2356:17-23 2375:21-40 4029:15-21 4164:23-42
 @ ./app/javascript/packs/application.js

Completed 200 OK in 5192ms (Views: 5182.1ms | ActiveRecord: 4.3ms | Allocations: 23639)


Started GET "/" for ::1 at 2022-01-12 11:55:14 +0900
  [1m[35m (2.6ms)[0m  [1m[34mSELECT "schema_migrations"."version" FROM "schema_migrations" ORDER BY "schema_migrations"."version" ASC[0m
Processing by TasksController#index as HTML
  [1m[36mUser Load (1.0ms)[0m  [1m[34mSELECT "users".* FROM "users" WHERE "users"."id" = $1 LIMIT $2[0m  [["id", 7], ["LIMIT", 1]]
  ↳ app/helpers/sessions_helper.rb:3:in `current_user'
  Rendering tasks/index.html.erb within layouts/application
  [1m[36mTask Load (0.5ms)[0m  [1m[34mSELECT "tasks".* FROM "tasks" ORDER BY "tasks"."condition" DESC LIMIT $1 OFFSET $2[0m  [["LIMIT", 7], ["OFFSET", 0]]
  ↳ app/views/tasks/index.html.erb:30
  [1m[36mCACHE User Load (0.0ms)[0m  [1m[34mSELECT "users".* FROM "users" WHERE "users"."id" = $1 LIMIT $2[0m  [["id", 7], ["LIMIT", 1]]
  ↳ app/views/tasks/index.html.erb:37
  [1m[36mUser Load (0.3ms)[0m  [1m[34mSELECT "users".* FROM "users" WHERE "users"."id" = $1 LIMIT $2[0m  [["id", 1], ["LIMIT", 1]]
  ↳ app/views/tasks/index.html.erb:37
  [1m[36mCACHE User Load (0.0ms)[0m  [1m[34mSELECT "users".* FROM "users" WHERE "users"."id" = $1 LIMIT $2[0m  [["id", 1], ["LIMIT", 1]]
  ↳ app/views/tasks/index.html.erb:37
  [1m[36mUser Load (0.3ms)[0m  [1m[34mSELECT "users".* FROM "users" WHERE "users"."id" = $1 LIMIT $2[0m  [["id", 3], ["LIMIT", 1]]
  ↳ app/views/tasks/index.html.erb:37
  [1m[36mCACHE User Load (0.0ms)[0m  [1m[34mSELECT "users".* FROM "users" WHERE "users"."id" = $1 LIMIT $2[0m  [["id", 3], ["LIMIT", 1]]
  ↳ app/views/tasks/index.html.erb:37
  [1m[36mUser Load (0.7ms)[0m  [1m[34mSELECT "users".* FROM "users" WHERE "users"."id" = $1 LIMIT $2[0m  [["id", 5], ["LIMIT", 1]]
  ↳ app/views/tasks/index.html.erb:37
  [1m[35m (0.9ms)[0m  [1m[34mSELECT COUNT(*) FROM "tasks"[0m
  ↳ app/views/tasks/index.html.erb:46
  Rendered tasks/index.html.erb within layouts/application (Duration: 166.1ms | Allocations: 82386)
[Webpacker] Everything's up-to-date. Nothing to do
Completed 200 OK in 310ms (Views: 256.7ms | ActiveRecord: 10.0ms | Allocations: 127710)


Started GET "/sessions/7" for ::1 at 2022-01-12 11:55:18 +0900
  
ActionController::RoutingError (No route matches [GET] "/sessions/7"):
  
actionpack (6.0.3) lib/action_dispatch/middleware/debug_exceptions.rb:36:in `call'
web-console (4.2.0) lib/web_console/middleware.rb:132:in `call_app'
web-console (4.2.0) lib/web_console/middleware.rb:28:in `block in call'
web-console (4.2.0) lib/web_console/middleware.rb:17:in `catch'
web-console (4.2.0) lib/web_console/middleware.rb:17:in `call'
actionpack (6.0.3) lib/action_dispatch/middleware/show_exceptions.rb:33:in `call'
railties (6.0.3) lib/rails/rack/logger.rb:37:in `call_app'
railties (6.0.3) lib/rails/rack/logger.rb:26:in `block in call'
activesupport (6.0.3) lib/active_support/tagged_logging.rb:80:in `block in tagged'
activesupport (6.0.3) lib/active_support/tagged_logging.rb:28:in `tagged'
activesupport (6.0.3) lib/active_support/tagged_logging.rb:80:in `tagged'
railties (6.0.3) lib/rails/rack/logger.rb:26:in `call'
sprockets-rails (3.4.2) lib/sprockets/rails/quiet_assets.rb:13:in `call'
actionpack (6.0.3) lib/action_dispatch/middleware/remote_ip.rb:81:in `call'
actionpack (6.0.3) lib/action_dispatch/middleware/request_id.rb:27:in `call'
rack (2.2.3) lib/rack/method_override.rb:24:in `call'
rack (2.2.3) lib/rack/runtime.rb:22:in `call'
activesupport (6.0.3) lib/active_support/cache/strategy/local_cache_middleware.rb:29:in `call'
actionpack (6.0.3) lib/action_dispatch/middleware/executor.rb:14:in `call'
actionpack (6.0.3) lib/action_dispatch/middleware/static.rb:126:in `call'
rack (2.2.3) lib/rack/sendfile.rb:110:in `call'
actionpack (6.0.3) lib/action_dispatch/middleware/host_authorization.rb:82:in `call'
webpacker (4.3.0) lib/webpacker/dev_server_proxy.rb:23:in `perform_request'
rack-proxy (0.7.2) lib/rack/proxy.rb:67:in `call'
railties (6.0.3) lib/rails/engine.rb:527:in `call'
puma (4.3.10) lib/puma/configuration.rb:228:in `call'
puma (4.3.10) lib/puma/server.rb:718:in `handle_request'
puma (4.3.10) lib/puma/server.rb:472:in `process_client'
puma (4.3.10) lib/puma/server.rb:328:in `block in run'
puma (4.3.10) lib/puma/thread_pool.rb:134:in `block in spawn_thread'
Started GET "/users/7" for ::1 at 2022-01-12 11:57:08 +0900
  [1m[35m (0.9ms)[0m  [1m[34mSELECT "schema_migrations"."version" FROM "schema_migrations" ORDER BY "schema_migrations"."version" ASC[0m
Processing by UsersController#show as HTML
  Parameters: {"id"=>"7"}
  [1m[36mUser Load (0.4ms)[0m  [1m[34mSELECT "users".* FROM "users" WHERE "users"."id" = $1 LIMIT $2[0m  [["id", 7], ["LIMIT", 1]]
  ↳ app/helpers/sessions_helper.rb:3:in `current_user'
  [1m[36mUser Load (0.4ms)[0m  [1m[34mSELECT "users".* FROM "users" WHERE "users"."id" = $1 LIMIT $2[0m  [["id", 7], ["LIMIT", 1]]
  ↳ app/controllers/users_controller.rb:23:in `show'
  Rendering users/show.html.erb within layouts/application
  [1m[36mTask Load (0.5ms)[0m  [1m[34mSELECT "tasks".* FROM "tasks" WHERE "tasks"."user_id" = $1[0m  [["user_id", 7]]
  ↳ app/views/users/show.html.erb:11
  Rendered users/show.html.erb within layouts/application (Duration: 37.9ms | Allocations: 9701)
[Webpacker] Everything's up-to-date. Nothing to do
Completed 200 OK in 93ms (Views: 54.5ms | ActiveRecord: 7.8ms | Allocations: 29172)


Started GET "/admin/users" for ::1 at 2022-01-12 11:57:10 +0900
Processing by Admin::UsersController#index as HTML
  [1m[36mUser Load (0.3ms)[0m  [1m[34mSELECT "users".* FROM "users" WHERE "users"."id" = $1 LIMIT $2[0m  [["id", 7], ["LIMIT", 1]]
  ↳ app/helpers/sessions_helper.rb:3:in `current_user'
  Rendering admin/users/index.html.erb within layouts/application
  [1m[36mUser Load (0.3ms)[0m  [1m[34mSELECT "users".* FROM "users"[0m
  ↳ app/views/admin/users/index.html.erb:12
  [1m[35m (0.9ms)[0m  [1m[34mSELECT COUNT(*) FROM "tasks" WHERE "tasks"."user_id" = $1[0m  [["user_id", 1]]
  ↳ app/views/admin/users/index.html.erb:17
  [1m[35m (0.4ms)[0m  [1m[34mSELECT COUNT(*) FROM "tasks" WHERE "tasks"."user_id" = $1[0m  [["user_id", 3]]
  ↳ app/views/admin/users/index.html.erb:17
  [1m[35m (0.7ms)[0m  [1m[34mSELECT COUNT(*) FROM "tasks" WHERE "tasks"."user_id" = $1[0m  [["user_id", 5]]
  ↳ app/views/admin/users/index.html.erb:17
  [1m[35m (0.3ms)[0m  [1m[34mSELECT COUNT(*) FROM "tasks" WHERE "tasks"."user_id" = $1[0m  [["user_id", 7]]
  ↳ app/views/admin/users/index.html.erb:17
  Rendered admin/users/index.html.erb within layouts/application (Duration: 11.7ms | Allocations: 4863)
[Webpacker] Everything's up-to-date. Nothing to do
Completed 200 OK in 21ms (Views: 15.6ms | ActiveRecord: 2.8ms | Allocations: 11861)


Started GET "/admin/users/1/edit" for ::1 at 2022-01-12 11:57:14 +0900
Processing by Admin::UsersController#edit as HTML
  Parameters: {"id"=>"1"}
  [1m[36mUser Load (0.3ms)[0m  [1m[34mSELECT "users".* FROM "users" WHERE "users"."id" = $1 LIMIT $2[0m  [["id", 7], ["LIMIT", 1]]
  ↳ app/helpers/sessions_helper.rb:3:in `current_user'
  [1m[36mUser Load (0.3ms)[0m  [1m[34mSELECT "users".* FROM "users" WHERE "users"."id" = $1 LIMIT $2[0m  [["id", 1], ["LIMIT", 1]]
  ↳ app/controllers/admin/users_controller.rb:27:in `edit'
  Rendering admin/users/edit.html.erb within layouts/application
  Rendered admin/users/edit.html.erb within layouts/application (Duration: 57.2ms | Allocations: 63026)
[Webpacker] Everything's up-to-date. Nothing to do
Completed 200 OK in 67ms (Views: 63.0ms | ActiveRecord: 0.7ms | Allocations: 69989)


Started PATCH "/users/1" for ::1 at 2022-01-12 11:57:16 +0900
Processing by UsersController#update as HTML
  Parameters: {"authenticity_token"=>"9DzCElBX7MB1OFyVuixySgIzWHqIXUvRPHBVvV5/ekuWMb8AdpQGCaB+UtG0cxO4srBShiGNADcjMBXeG5z3+Q==", "user"=>{"namae"=>"baby@metal.com", "email"=>"baby@metal.com", "admin"=>"true"}, "commit"=>"編集完了", "id"=>"1"}
  [1m[36mUser Load (0.3ms)[0m  [1m[34mSELECT "users".* FROM "users" WHERE "users"."id" = $1 LIMIT $2[0m  [["id", 7], ["LIMIT", 1]]
  ↳ app/helpers/sessions_helper.rb:3:in `current_user'
  [1m[36mUser Load (0.1ms)[0m  [1m[34mSELECT "users".* FROM "users" WHERE "users"."id" = $1 LIMIT $2[0m  [["id", 1], ["LIMIT", 1]]
  ↳ app/controllers/users_controller.rb:42:in `update'
  Rendering users/edit.html.erb within layouts/application
  Rendered users/edit.html.erb within layouts/application (Duration: 2.1ms | Allocations: 882)
[Webpacker] Everything's up-to-date. Nothing to do
Completed 200 OK in 14ms (Views: 9.8ms | ActiveRecord: 0.4ms | Allocations: 10291)


Started GET "/admin/users" for ::1 at 2022-01-12 11:57:18 +0900
Processing by Admin::UsersController#index as HTML
  [1m[36mUser Load (0.3ms)[0m  [1m[34mSELECT "users".* FROM "users" WHERE "users"."id" = $1 LIMIT $2[0m  [["id", 7], ["LIMIT", 1]]
  ↳ app/helpers/sessions_helper.rb:3:in `current_user'
  Rendering admin/users/index.html.erb within layouts/application
  [1m[36mUser Load (0.3ms)[0m  [1m[34mSELECT "users".* FROM "users"[0m
  ↳ app/views/admin/users/index.html.erb:12
  [1m[35m (0.4ms)[0m  [1m[34mSELECT COUNT(*) FROM "tasks" WHERE "tasks"."user_id" = $1[0m  [["user_id", 1]]
  ↳ app/views/admin/users/index.html.erb:17
  [1m[35m (0.4ms)[0m  [1m[34mSELECT COUNT(*) FROM "tasks" WHERE "tasks"."user_id" = $1[0m  [["user_id", 3]]
  ↳ app/views/admin/users/index.html.erb:17
  [1m[35m (0.4ms)[0m  [1m[34mSELECT COUNT(*) FROM "tasks" WHERE "tasks"."user_id" = $1[0m  [["user_id", 5]]
  ↳ app/views/admin/users/index.html.erb:17
  [1m[35m (0.2ms)[0m  [1m[34mSELECT COUNT(*) FROM "tasks" WHERE "tasks"."user_id" = $1[0m  [["user_id", 7]]
  ↳ app/views/admin/users/index.html.erb:17
  Rendered admin/users/index.html.erb within layouts/application (Duration: 8.6ms | Allocations: 4493)
[Webpacker] Everything's up-to-date. Nothing to do
Completed 200 OK in 18ms (Views: 13.3ms | ActiveRecord: 2.0ms | Allocations: 10769)


Started GET "/sessions/new" for ::1 at 2022-01-12 11:57:19 +0900
Processing by SessionsController#new as HTML
  Rendering sessions/new.html.erb within layouts/application
  Rendered sessions/new.html.erb within layouts/application (Duration: 3.2ms | Allocations: 722)
[Webpacker] Everything's up-to-date. Nothing to do
  [1m[36mUser Load (0.2ms)[0m  [1m[34mSELECT "users".* FROM "users" WHERE "users"."id" = $1 LIMIT $2[0m  [["id", 7], ["LIMIT", 1]]
  ↳ app/helpers/sessions_helper.rb:3:in `current_user'
Completed 200 OK in 15ms (Views: 13.5ms | ActiveRecord: 0.2ms | Allocations: 7676)


